c:\users\mauri\onedrive - saxion\bureaublad\cmgt\year 2\term 2\redo c++\c++ game\starwarsbattles\debug\vc142.pdb
c:\users\mauri\onedrive - saxion\bureaublad\cmgt\year 2\term 2\redo c++\c++ game\starwarsbattles\debug\vc142.idb
c:\users\mauri\onedrive - saxion\bureaublad\cmgt\year 2\term 2\redo c++\c++ game\starwarsbattles\debug\textobject.obj
c:\users\mauri\onedrive - saxion\bureaublad\cmgt\year 2\term 2\redo c++\c++ game\starwarsbattles\debug\spriteobject.obj
c:\users\mauri\onedrive - saxion\bureaublad\cmgt\year 2\term 2\redo c++\c++ game\starwarsbattles\debug\soundhandler.obj
c:\users\mauri\onedrive - saxion\bureaublad\cmgt\year 2\term 2\redo c++\c++ game\starwarsbattles\debug\selectmenu.obj
c:\users\mauri\onedrive - saxion\bureaublad\cmgt\year 2\term 2\redo c++\c++ game\starwarsbattles\debug\scenehandler.obj
c:\users\mauri\onedrive - saxion\bureaublad\cmgt\year 2\term 2\redo c++\c++ game\starwarsbattles\debug\scene.obj
c:\users\mauri\onedrive - saxion\bureaublad\cmgt\year 2\term 2\redo c++\c++ game\starwarsbattles\debug\quitbutton.obj
c:\users\mauri\onedrive - saxion\bureaublad\cmgt\year 2\term 2\redo c++\c++ game\starwarsbattles\debug\mainmenu.obj
c:\users\mauri\onedrive - saxion\bureaublad\cmgt\year 2\term 2\redo c++\c++ game\starwarsbattles\debug\main.obj
c:\users\mauri\onedrive - saxion\bureaublad\cmgt\year 2\term 2\redo c++\c++ game\starwarsbattles\debug\gameobject.obj
c:\users\mauri\onedrive - saxion\bureaublad\cmgt\year 2\term 2\redo c++\c++ game\starwarsbattles\debug\character.obj
c:\users\mauri\onedrive - saxion\bureaublad\cmgt\year 2\term 2\redo c++\c++ game\starwarsbattles\debug\button.obj
c:\users\mauri\onedrive - saxion\bureaublad\cmgt\year 2\term 2\redo c++\c++ game\starwarsbattles\debug\bitmaptext.obj
c:\users\mauri\onedrive - saxion\bureaublad\cmgt\year 2\term 2\redo c++\c++ game\starwarsbattles\debug\starwarsbattles.ilk
c:\users\mauri\onedrive - saxion\bureaublad\cmgt\year 2\term 2\redo c++\c++ game\starwarsbattles\debug\starwarsbattles.exe
c:\users\mauri\onedrive - saxion\bureaublad\cmgt\year 2\term 2\redo c++\c++ game\starwarsbattles\debug\starwarsbattles.pdb
c:\users\mauri\onedrive - saxion\bureaublad\cmgt\year 2\term 2\redo c++\c++ game\starwarsbattles\debug\starwarsbattles.tlog\cl.command.1.tlog
c:\users\mauri\onedrive - saxion\bureaublad\cmgt\year 2\term 2\redo c++\c++ game\starwarsbattles\debug\starwarsbattles.tlog\cl.read.1.tlog
c:\users\mauri\onedrive - saxion\bureaublad\cmgt\year 2\term 2\redo c++\c++ game\starwarsbattles\debug\starwarsbattles.tlog\cl.write.1.tlog
c:\users\mauri\onedrive - saxion\bureaublad\cmgt\year 2\term 2\redo c++\c++ game\starwarsbattles\debug\starwarsbattles.tlog\link.command.1.tlog
c:\users\mauri\onedrive - saxion\bureaublad\cmgt\year 2\term 2\redo c++\c++ game\starwarsbattles\debug\starwarsbattles.tlog\link.read.1.tlog
c:\users\mauri\onedrive - saxion\bureaublad\cmgt\year 2\term 2\redo c++\c++ game\starwarsbattles\debug\starwarsbattles.tlog\link.write.1.tlog
